<?xml version="1.0" encoding="utf-8"?><testsuites name="pytest tests"><testsuite name="pytest" errors="0" failures="0" skipped="0" tests="15" time="2.879" timestamp="2026-08-31T19:28:16.856006+00:00" hostname="agent-env-cf718f66-335a-438c-aefe-b36db0974b54"><testcase classname="tests.backend_test.TestAuth" name="test_register_new_user" time="0.378" /><testcase classname="tests.backend_test.TestAuth" name="test_me_after_register" time="0.067" /><testcase classname="tests.backend_test.TestAuth" name="test_duplicate_email_rejected" time="0.182" /><testcase classname="tests.backend_test.TestAuth" name="test_logout" time="0.133" /><testcase classname="tests.backend_test.TestAuth" name="test_login_valid" time="0.360" /><testcase classname="tests.backend_test.TestAuth" name="test_login_invalid" time="0.216" /><testcase classname="tests.backend_test.TestAuth" name="test_admin_login" time="0.395" /><testcase classname="tests.backend_test.TestSimulation" name="test_submit_simulation_and_persist" time="0.069" /><testcase classname="tests.backend_test.TestSimulation" name="test_profile_reflects_simulation" time="0.068" /><testcase classname="tests.backend_test.TestSimulation" name="test_history_endpoint" time="0.075" /><testcase classname="tests.backend_test.TestSimulation" name="test_simulations_requires_auth" time="0.131" /><testcase classname="tests.backend_test.TestLeaderboard" name="test_leaderboard_sorts[score]" time="0.154" /><testcase classname="tests.backend_test.TestLeaderboard" name="test_leaderboard_sorts[wpm]" time="0.188" /><testcase classname="tests.backend_test.TestLeaderboard" name="test_leaderboard_sorts[accuracy]" time="0.335" /><testcase classname="tests.backend_test.TestLeaderboard" name="test_leaderboard_current_user_marker" time="0.069" /></testsuite></testsuites>